<?xml version="1.0" encoding="UTF-8"?>
<!-- Generated by org.testng.reporters.JUnitReportReporter -->
<testsuite hostname="ARCTURUS" failures="0" tests="2" name="uitest.tests.Test1" time="8.718" errors="0" timestamp="16 JÃ¤n. 2019 21:51:39 GMT" skipped="0">
  <testcase classname="uitest.tests.Test1" name="AddItemToCartTestCase" time="4.372"/>
  <testcase classname="uitest.tests.Test1" name="SearchForItemTestCase" time="4.346"/>
</testsuite> <!-- uitest.tests.Test1 -->
